23:40:02.560 [main] INFO  uiTests.TC002_Admin_LoginWithWrongCredentials - Step 2: Verify signin Page is displayed
23:40:04.216 [main] INFO  uiTests.TC002_Admin_LoginWithWrongCredentials - Step 3: Clicking on the 'Admin Login'
23:40:06.086 [main] INFO  uiTests.TC002_Admin_LoginWithWrongCredentials - Step 4: Enter Email field
23:40:08.672 [main] INFO  uiTests.TC002_Admin_LoginWithWrongCredentials - Step 5: Enter Password field
23:40:09.858 [main] INFO  uiTests.TC002_Admin_LoginWithWrongCredentials - Step 6: Click on the 'Login' button
23:40:10.382 [main] INFO  uiTests.TC002_Admin_LoginWithWrongCredentials - Step 7: Verify the error message
23:40:29.803 [main] INFO  uiTests.TC002_Admin_LoginWithWrongCredentials - 🛑 Browser closed successfully
23:48:34.181 [main] INFO  uiTests.TC002_Admin_LoginWithWrongCredentials - 🌐 Launching [chrome] and navigating to: https://www.shoppersstack.com
23:48:50.175 [main] INFO  uiTests.TC002_Admin_LoginWithWrongCredentials - start logging ***testAdmin_LoginWithWrongCredentials***
23:48:50.176 [main] INFO  uiTests.TC002_Admin_LoginWithWrongCredentials - Step 1: Clicking on the 'Login' button in HomePage
23:49:33.158 [main] INFO  uiTests.TC002_Admin_LoginWithWrongCredentials - 🛑 Browser closed successfully
23:50:14.174 [main] INFO  uiTests.TC002_Admin_LoginWithWrongCredentials - 🌐 Launching [chrome] and navigating to: https://www.shoppersstack.com
23:50:22.512 [main] INFO  uiTests.TC002_Admin_LoginWithWrongCredentials - start logging ***testAdmin_LoginWithWrongCredentials***
23:50:22.513 [main] INFO  uiTests.TC002_Admin_LoginWithWrongCredentials - Step 1: Clicking on the 'Login' button in HomePage
23:50:34.395 [main] INFO  uiTests.TC002_Admin_LoginWithWrongCredentials - Step 2: Verify signin Page is displayed
23:50:34.543 [main] INFO  uiTests.TC002_Admin_LoginWithWrongCredentials - Step 3: Clicking on the 'Admin Login'
23:50:35.186 [main] INFO  uiTests.TC002_Admin_LoginWithWrongCredentials - Step 4: Enter Email field
23:50:36.260 [main] INFO  uiTests.TC002_Admin_LoginWithWrongCredentials - Step 5: Enter Password field
23:50:36.945 [main] INFO  uiTests.TC002_Admin_LoginWithWrongCredentials - Step 6: Click on the 'Login' button
23:50:37.415 [main] INFO  uiTests.TC002_Admin_LoginWithWrongCredentials - Step 7: Verify the error message
23:50:38.580 [main] INFO  uiTests.TC002_Admin_LoginWithWrongCredentials - 🛑 Browser closed successfully
23:52:21.332 [main] INFO  uiTests.TC002_Admin_LoginWithWrongCredentials - 🌐 Launching [chrome] and navigating to: https://www.shoppersstack.com
23:52:39.388 [main] INFO  uiTests.TC002_Admin_LoginWithWrongCredentials - start logging ***testAdmin_LoginWithWrongCredentials***
23:52:39.389 [main] INFO  uiTests.TC002_Admin_LoginWithWrongCredentials - Step 1: Clicking on the 'Login' button in HomePage
23:53:01.702 [main] INFO  uiTests.TC002_Admin_LoginWithWrongCredentials - 🛑 Browser closed successfully
23:53:50.825 [main] INFO  uiTests.TC002_Admin_LoginWithWrongCredentials - 🌐 Launching [chrome] and navigating to: https://www.shoppersstack.com
23:54:02.676 [main] INFO  uiTests.TC002_Admin_LoginWithWrongCredentials - start logging ***testAdmin_LoginWithWrongCredentials***
23:54:02.677 [main] INFO  uiTests.TC002_Admin_LoginWithWrongCredentials - Step 1: Clicking on the 'Login' button in HomePage
23:54:33.536 [main] INFO  uiTests.TC002_Admin_LoginWithWrongCredentials - 🛑 Browser closed successfully
23:56:12.593 [main] INFO  uiTests.TC002_Admin_LoginWithWrongCredentials - 🌐 Launching [chrome] and navigating to: https://www.shoppersstack.com
23:56:28.324 [main] INFO  uiTests.TC002_Admin_LoginWithWrongCredentials - start logging ***testAdmin_LoginWithWrongCredentials***
23:56:28.326 [main] INFO  uiTests.TC002_Admin_LoginWithWrongCredentials - Step 1: Clicking on the 'Login' button in HomePage
23:56:51.080 [main] INFO  uiTests.TC002_Admin_LoginWithWrongCredentials - 🛑 Browser closed successfully
00:06:30.317 [main] INFO  uiTests.TC002_Admin_LoginWithWrongCredentials - 🌐 Launching [chrome] and navigating to: https://www.shoppersstack.com
00:06:36.897 [main] INFO  uiTests.TC002_Admin_LoginWithWrongCredentials - start logging ***testAdmin_LoginWithWrongCredentials***
00:06:36.898 [main] INFO  uiTests.TC002_Admin_LoginWithWrongCredentials - Step 1: Clicking on the 'Login' button in HomePage
00:06:49.841 [main] INFO  uiTests.TC002_Admin_LoginWithWrongCredentials - Step 2: Verify signin Page is displayed
00:06:50.367 [main] INFO  uiTests.TC002_Admin_LoginWithWrongCredentials - Step 3: Clicking on the 'Admin Login'
00:06:51.661 [main] INFO  uiTests.TC002_Admin_LoginWithWrongCredentials - Step 4: Enter Email field
00:06:53.297 [main] INFO  uiTests.TC002_Admin_LoginWithWrongCredentials - Step 5: Enter Password field
00:06:54.113 [main] INFO  uiTests.TC002_Admin_LoginWithWrongCredentials - Step 6: Click on the 'Login' button
00:06:54.665 [main] INFO  uiTests.TC002_Admin_LoginWithWrongCredentials - Step 7: Verify the error message
